Build started 29/05/2012 22:45:34.
     1>Project "C:\Users\diego\Documents\GitHub\MultiplayerPong\Pong\TcpServer\TcpServer.vcxproj" on node 2 (build target(s)).
     1>InitializeBuildStatus:
         Touching "Release\TcpServer.unsuccessfulbuild".
       ClCompile:
         c:\Program Files\Microsoft Visual Studio 10.0\VC\bin\CL.exe /c /Zi /nologo /W3 /WX- /O2 /Oi /Oy- /GL /D WIN32 /D NDEBUG /D _CONSOLE /D _UNICODE /D UNICODE /Gm- /EHsc /MD /GS /Gy /fp:precise /Zc:wchar_t /Zc:forScope /Fo"Release\\" /Fd"Release\vc100.pdb" /Gd /TP /analyze- /errorReport:prompt GameState.cpp
         GameState.cpp
     1>GameState.cpp(13): warning C4244: 'argument' : conversion from 'time_t' to 'unsigned int', possible loss of data
     1>GameState.cpp(35): warning C4996: 'sprintf': This function or variable may be unsafe. Consider using sprintf_s instead. To disable deprecation, use _CRT_SECURE_NO_WARNINGS. See online help for details.
                 c:\Program Files\Microsoft Visual Studio 10.0\VC\include\stdio.h(371) : see declaration of 'sprintf'
     1>GameState.cpp(36): warning C4996: 'sprintf': This function or variable may be unsafe. Consider using sprintf_s instead. To disable deprecation, use _CRT_SECURE_NO_WARNINGS. See online help for details.
                 c:\Program Files\Microsoft Visual Studio 10.0\VC\include\stdio.h(371) : see declaration of 'sprintf'
     1>GameState.cpp(37): warning C4996: 'sprintf': This function or variable may be unsafe. Consider using sprintf_s instead. To disable deprecation, use _CRT_SECURE_NO_WARNINGS. See online help for details.
                 c:\Program Files\Microsoft Visual Studio 10.0\VC\include\stdio.h(371) : see declaration of 'sprintf'
     1>GameState.cpp(38): warning C4172: returning address of local variable or temporary
     1>GameState.cpp(45): warning C4996: 'strtok': This function or variable may be unsafe. Consider using strtok_s instead. To disable deprecation, use _CRT_SECURE_NO_WARNINGS. See online help for details.
                 c:\Program Files\Microsoft Visual Studio 10.0\VC\include\string.h(197) : see declaration of 'strtok'
     1>GameState.cpp(50): warning C4996: 'strcpy': This function or variable may be unsafe. Consider using strcpy_s instead. To disable deprecation, use _CRT_SECURE_NO_WARNINGS. See online help for details.
                 c:\Program Files\Microsoft Visual Studio 10.0\VC\include\string.h(105) : see declaration of 'strcpy'
     1>GameState.cpp(51): warning C4996: 'strtok': This function or variable may be unsafe. Consider using strtok_s instead. To disable deprecation, use _CRT_SECURE_NO_WARNINGS. See online help for details.
                 c:\Program Files\Microsoft Visual Studio 10.0\VC\include\string.h(197) : see declaration of 'strtok'
     1>GameState.cpp(55): warning C4244: 'initializing' : conversion from 'double' to 'float', possible loss of data
       Link:
         c:\Program Files\Microsoft Visual Studio 10.0\VC\bin\link.exe /ERRORREPORT:PROMPT /OUT:"C:\Users\diego\Documents\GitHub\MultiplayerPong\Pong\Release\TcpServer.exe" /INCREMENTAL:NO /NOLOGO Ws2_32.lib kernel32.lib user32.lib gdi32.lib winspool.lib comdlg32.lib advapi32.lib shell32.lib ole32.lib oleaut32.lib uuid.lib odbc32.lib odbccp32.lib /MANIFEST /ManifestFile:"Release\TcpServer.exe.intermediate.manifest" /MANIFESTUAC:"level='asInvoker' uiAccess='false'" /DEBUG /PDB:"C:\Users\diego\Documents\GitHub\MultiplayerPong\Pong\Release\TcpServer.pdb" /SUBSYSTEM:CONSOLE /OPT:REF /OPT:ICF /LTCG /TLBID:1 /DYNAMICBASE /NXCOMPAT /IMPLIB:"C:\Users\diego\Documents\GitHub\MultiplayerPong\Pong\Release\TcpServer.lib" /MACHINE:X86 Release\ball.obj
         Release\GameState.obj
         Release\MathUtil.obj
         Release\paddle.obj
         Release\TcpServer.obj
         Release\Vector2D.obj
         Generating code
         Finished generating code
         TcpServer.vcxproj -> C:\Users\diego\Documents\GitHub\MultiplayerPong\Pong\Release\TcpServer.exe
       Manifest:
         C:\Program Files\Microsoft SDKs\Windows\v7.0A\bin\mt.exe /nologo /verbose /outputresource:"C:\Users\diego\Documents\GitHub\MultiplayerPong\Pong\Release\TcpServer.exe;#1" /manifest Release\TcpServer.exe.intermediate.manifest
       FinalizeBuildStatus:
         Deleting file "Release\TcpServer.unsuccessfulbuild".
         Touching "Release\TcpServer.lastbuildstate".
     1>Done Building Project "C:\Users\diego\Documents\GitHub\MultiplayerPong\Pong\TcpServer\TcpServer.vcxproj" (build target(s)).

Build succeeded.

Time Elapsed 00:00:01.39
