Build started 12/05/2012 16:13:30.
     1>Project "C:\Users\diego\Desktop\The Recreational Folder\PUC\Desenvolvimento de Jogos Digitais\Multiplayer\MultiplayerPong\MultiplayerPong\Pong\Pong\Pong.vcxproj" on node 2 (build target(s)).
     1>InitializeBuildStatus:
         Creating "Debug\Pong.unsuccessfulbuild" because "AlwaysCreate" was specified.
       ClCompile:
         c:\Program Files\Microsoft Visual Studio 10.0\VC\bin\CL.exe /c /ZI /nologo /W3 /WX- /Od /Oy- /D WIN32 /D _DEBUG /D _CONSOLE /D _UNICODE /D UNICODE /Gm /EHsc /RTC1 /MDd /GS /fp:precise /Zc:wchar_t /Zc:forScope /Fo"Debug\\" /Fd"Debug\vc100.pdb" /Gd /TP /analyze- /errorReport:prompt ball.cpp main.cpp paddle.cpp
         paddle.cpp
     1>c:\users\diego\desktop\the recreational folder\puc\desenvolvimento de jogos digitais\multiplayer\multiplayerpong\multiplayerpong\pong\pong\paddle.cpp(7): warning C4244: 'argument' : conversion from 'int' to 'float', possible loss of data
     1>c:\users\diego\desktop\the recreational folder\puc\desenvolvimento de jogos digitais\multiplayer\multiplayerpong\multiplayerpong\pong\pong\paddle.cpp(7): warning C4244: 'argument' : conversion from 'int' to 'float', possible loss of data
     1>c:\users\diego\desktop\the recreational folder\puc\desenvolvimento de jogos digitais\multiplayer\multiplayerpong\multiplayerpong\pong\pong\paddle.cpp(22): warning C4244: 'argument' : conversion from 'int' to 'float', possible loss of data
     1>c:\users\diego\desktop\the recreational folder\puc\desenvolvimento de jogos digitais\multiplayer\multiplayerpong\multiplayerpong\pong\pong\paddle.cpp(28): warning C4244: 'argument' : conversion from 'int' to 'float', possible loss of data
         Generating Code...
         Compiling...
         ball.cpp
     1>c:\users\diego\desktop\the recreational folder\puc\desenvolvimento de jogos digitais\multiplayer\multiplayerpong\multiplayerpong\pong\pong\ball.cpp(10): warning C4244: 'argument' : conversion from 'int' to 'float', possible loss of data
     1>c:\users\diego\desktop\the recreational folder\puc\desenvolvimento de jogos digitais\multiplayer\multiplayerpong\multiplayerpong\pong\pong\ball.cpp(10): warning C4244: 'argument' : conversion from 'int' to 'float', possible loss of data
     1>c:\users\diego\desktop\the recreational folder\puc\desenvolvimento de jogos digitais\multiplayer\multiplayerpong\multiplayerpong\pong\pong\ball.cpp(37): warning C4244: 'argument' : conversion from 'int' to 'float', possible loss of data
         Generating Code...
         Compiling...
         main.cpp
     1>c:\users\diego\desktop\the recreational folder\puc\desenvolvimento de jogos digitais\multiplayer\multiplayerpong\multiplayerpong\pong\pong\main.cpp(5): fatal error C1083: Cannot open include file: 'padldle.h': No such file or directory
         Generating Code...
     1>Done Building Project "C:\Users\diego\Desktop\The Recreational Folder\PUC\Desenvolvimento de Jogos Digitais\Multiplayer\MultiplayerPong\MultiplayerPong\Pong\Pong\Pong.vcxproj" (build target(s)) -- FAILED.

Build FAILED.

Time Elapsed 00:00:00.95
