C:\USERS\ARRUDA\DOCUMENTS\GITHUB\MULTIPLAYERPONG\PONG\DEBUG\PONG.EXE
C:\USERS\ARRUDA\DOCUMENTS\GITHUB\MULTIPLAYERPONG\PONG\DEBUG\PONG.ILK
C:\USERS\ARRUDA\DOCUMENTS\GITHUB\MULTIPLAYERPONG\PONG\DEBUG\PONG.PDB
C:\USERS\ARRUDA\DOCUMENTS\GITHUB\MULTIPLAYERPONG\PONG\PONG\DEBUG\BALL.OBJ
C:\Users\arruda\Documents\GitHub\MultiplayerPong\Pong\Pong\Debug\cl.command.1.tlog
C:\Users\arruda\Documents\GitHub\MultiplayerPong\Pong\Pong\Debug\CL.read.1.tlog
C:\Users\arruda\Documents\GitHub\MultiplayerPong\Pong\Pong\Debug\CL.write.1.tlog
C:\USERS\ARRUDA\DOCUMENTS\GITHUB\MULTIPLAYERPONG\PONG\PONG\DEBUG\CLIENTTCP.OBJ
C:\Users\arruda\Documents\GitHub\MultiplayerPong\Pong\Pong\Debug\link.3736.read.1.tlog
C:\Users\arruda\Documents\GitHub\MultiplayerPong\Pong\Pong\Debug\link.3736.write.1.tlog
C:\Users\arruda\Documents\GitHub\MultiplayerPong\Pong\Pong\Debug\link.3736-cvtres.read.1.tlog
C:\Users\arruda\Documents\GitHub\MultiplayerPong\Pong\Pong\Debug\link.3736-cvtres.write.1.tlog
C:\Users\arruda\Documents\GitHub\MultiplayerPong\Pong\Pong\Debug\link.command.1.tlog
C:\Users\arruda\Documents\GitHub\MultiplayerPong\Pong\Pong\Debug\link.read.1.tlog
C:\Users\arruda\Documents\GitHub\MultiplayerPong\Pong\Pong\Debug\link.write.1.tlog
C:\Users\arruda\Documents\GitHub\MultiplayerPong\Pong\Pong\Debug\link-cvtres.read.1.tlog
C:\Users\arruda\Documents\GitHub\MultiplayerPong\Pong\Pong\Debug\link-cvtres.write.1.tlog
C:\USERS\ARRUDA\DOCUMENTS\GITHUB\MULTIPLAYERPONG\PONG\PONG\DEBUG\MAIN.OBJ
C:\USERS\ARRUDA\DOCUMENTS\GITHUB\MULTIPLAYERPONG\PONG\PONG\DEBUG\MATHUTIL.OBJ
C:\Users\arruda\Documents\GitHub\MultiplayerPong\Pong\Pong\Debug\mt.command.1.tlog
C:\Users\arruda\Documents\GitHub\MultiplayerPong\Pong\Pong\Debug\mt.read.1.tlog
C:\Users\arruda\Documents\GitHub\MultiplayerPong\Pong\Pong\Debug\mt.write.1.tlog
C:\USERS\ARRUDA\DOCUMENTS\GITHUB\MULTIPLAYERPONG\PONG\PONG\DEBUG\PADDLE.OBJ
C:\USERS\ARRUDA\DOCUMENTS\GITHUB\MULTIPLAYERPONG\PONG\PONG\DEBUG\PONG.EXE.EMBED.MANIFEST
C:\USERS\ARRUDA\DOCUMENTS\GITHUB\MULTIPLAYERPONG\PONG\PONG\DEBUG\PONG.EXE.EMBED.MANIFEST.RES
C:\USERS\ARRUDA\DOCUMENTS\GITHUB\MULTIPLAYERPONG\PONG\PONG\DEBUG\PONG.EXE.INTERMEDIATE.MANIFEST
C:\Users\arruda\Documents\GitHub\MultiplayerPong\Pong\Pong\Debug\Pong_manifest.rc
C:\Users\arruda\Documents\GitHub\MultiplayerPong\Pong\Pong\Debug\rc.command.1.tlog
C:\Users\arruda\Documents\GitHub\MultiplayerPong\Pong\Pong\Debug\rc.read.1.tlog
C:\Users\arruda\Documents\GitHub\MultiplayerPong\Pong\Pong\Debug\rc.write.1.tlog
C:\Users\arruda\Documents\GitHub\MultiplayerPong\Pong\Pong\Debug\vc100.idb
C:\USERS\ARRUDA\DOCUMENTS\GITHUB\MULTIPLAYERPONG\PONG\PONG\DEBUG\VC100.PDB
C:\USERS\ARRUDA\DOCUMENTS\GITHUB\MULTIPLAYERPONG\PONG\PONG\DEBUG\VECTOR2D.OBJ
