Build started 12/05/2012 16:14:33.
     1>Project "C:\Users\diego\Desktop\The Recreational Folder\PUC\Desenvolvimento de Jogos Digitais\Multiplayer\MultiplayerPong\MultiplayerPong\Pong\TcpServer\TcpServer.vcxproj" on node 2 (build target(s)).
     1>InitializeBuildStatus:
         Touching "Debug\TcpServer.unsuccessfulbuild".
       ClCompile:
         c:\Program Files\Microsoft Visual Studio 10.0\VC\bin\CL.exe /c /ZI /nologo /W3 /WX- /Od /Oy- /D WIN32 /D _DEBUG /D _CONSOLE /D _UNICODE /D UNICODE /Gm /EHsc /RTC1 /MDd /GS /fp:precise /Zc:wchar_t /Zc:forScope /Fo"Debug\\" /Fd"Debug\vc100.pdb" /Gd /TP /analyze- /errorReport:prompt TcpServer.cpp
         TcpServer.cpp
     1>c:\users\diego\desktop\the recreational folder\puc\desenvolvimento de jogos digitais\multiplayer\multiplayerpong\multiplayerpong\pong\tcpserver\tcpserver.cpp(16): warning C4244: 'argument' : conversion from 'double' to 'WORD', possible loss of data
       ManifestResourceCompile:
         All outputs are up-to-date.
       Link:
         c:\Program Files\Microsoft Visual Studio 10.0\VC\bin\link.exe /ERRORREPORT:PROMPT /OUT:"C:\Users\diego\Desktop\The Recreational Folder\PUC\Desenvolvimento de Jogos Digitais\Multiplayer\MultiplayerPong\MultiplayerPong\Pong\Debug\TcpServer.exe" /INCREMENTAL /NOLOGO Ws2_32.lib kernel32.lib user32.lib gdi32.lib winspool.lib comdlg32.lib advapi32.lib shell32.lib ole32.lib oleaut32.lib uuid.lib odbc32.lib odbccp32.lib /MANIFEST /ManifestFile:"Debug\TcpServer.exe.intermediate.manifest" /MANIFESTUAC:"level='asInvoker' uiAccess='false'" /DEBUG /PDB:"C:\Users\diego\Desktop\The Recreational Folder\PUC\Desenvolvimento de Jogos Digitais\Multiplayer\MultiplayerPong\MultiplayerPong\Pong\Debug\TcpServer.pdb" /SUBSYSTEM:CONSOLE /TLBID:1 /DYNAMICBASE /NXCOMPAT /IMPLIB:"C:\Users\diego\Desktop\The Recreational Folder\PUC\Desenvolvimento de Jogos Digitais\Multiplayer\MultiplayerPong\MultiplayerPong\Pong\Debug\TcpServer.lib" /MACHINE:X86 /PROFILE Debug\TcpServer.exe.embed.manifest.res
         Debug\ball.obj
         Debug\GameState.obj
         Debug\MathUtil.obj
         Debug\paddle.obj
         Debug\TcpServer.obj
         Debug\Vector2D.obj
     1>LINK : warning LNK4075: ignoring '/INCREMENTAL' due to '/PROFILE' specification
     1>ball.obj : warning LNK4075: ignoring '/EDITANDCONTINUE' due to '/OPT:REF' specification
     1>MSVCRTD.lib(crtexe.obj) : error LNK2019: unresolved external symbol _main referenced in function ___tmainCRTStartup
     1>C:\Users\diego\Desktop\The Recreational Folder\PUC\Desenvolvimento de Jogos Digitais\Multiplayer\MultiplayerPong\MultiplayerPong\Pong\Debug\TcpServer.exe : fatal error LNK1120: 1 unresolved externals
     1>Done Building Project "C:\Users\diego\Desktop\The Recreational Folder\PUC\Desenvolvimento de Jogos Digitais\Multiplayer\MultiplayerPong\MultiplayerPong\Pong\TcpServer\TcpServer.vcxproj" (build target(s)) -- FAILED.

Build FAILED.

Time Elapsed 00:00:02.09
