C:\USERS\ARRUDA\DOCUMENTS\GITHUB\MULTIPLAYERPONG\PONG\DEBUG\TCPSERVER.EXE
C:\USERS\ARRUDA\DOCUMENTS\GITHUB\MULTIPLAYERPONG\PONG\DEBUG\TCPSERVER.PDB
C:\USERS\ARRUDA\DOCUMENTS\GITHUB\MULTIPLAYERPONG\PONG\TCPSERVER\DEBUG\BALL.OBJ
C:\Users\arruda\Documents\GitHub\MultiplayerPong\Pong\TcpServer\Debug\cl.command.1.tlog
C:\Users\arruda\Documents\GitHub\MultiplayerPong\Pong\TcpServer\Debug\CL.read.1.tlog
C:\Users\arruda\Documents\GitHub\MultiplayerPong\Pong\TcpServer\Debug\CL.write.1.tlog
C:\USERS\ARRUDA\DOCUMENTS\GITHUB\MULTIPLAYERPONG\PONG\TCPSERVER\DEBUG\GAMESTATE.OBJ
C:\Users\arruda\Documents\GitHub\MultiplayerPong\Pong\TcpServer\Debug\link.command.1.tlog
C:\Users\arruda\Documents\GitHub\MultiplayerPong\Pong\TcpServer\Debug\link.read.1.tlog
C:\Users\arruda\Documents\GitHub\MultiplayerPong\Pong\TcpServer\Debug\link.write.1.tlog
C:\Users\arruda\Documents\GitHub\MultiplayerPong\Pong\TcpServer\Debug\link-cvtres.read.1.tlog
C:\Users\arruda\Documents\GitHub\MultiplayerPong\Pong\TcpServer\Debug\link-cvtres.write.1.tlog
C:\USERS\ARRUDA\DOCUMENTS\GITHUB\MULTIPLAYERPONG\PONG\TCPSERVER\DEBUG\MATHUTIL.OBJ
C:\Users\arruda\Documents\GitHub\MultiplayerPong\Pong\TcpServer\Debug\mt.command.1.tlog
C:\Users\arruda\Documents\GitHub\MultiplayerPong\Pong\TcpServer\Debug\mt.read.1.tlog
C:\Users\arruda\Documents\GitHub\MultiplayerPong\Pong\TcpServer\Debug\mt.write.1.tlog
C:\USERS\ARRUDA\DOCUMENTS\GITHUB\MULTIPLAYERPONG\PONG\TCPSERVER\DEBUG\PADDLE.OBJ
C:\Users\arruda\Documents\GitHub\MultiplayerPong\Pong\TcpServer\Debug\rc.command.1.tlog
C:\Users\arruda\Documents\GitHub\MultiplayerPong\Pong\TcpServer\Debug\rc.read.1.tlog
C:\Users\arruda\Documents\GitHub\MultiplayerPong\Pong\TcpServer\Debug\rc.write.1.tlog
C:\USERS\ARRUDA\DOCUMENTS\GITHUB\MULTIPLAYERPONG\PONG\TCPSERVER\DEBUG\TCPSERVER.EXE.EMBED.MANIFEST
C:\USERS\ARRUDA\DOCUMENTS\GITHUB\MULTIPLAYERPONG\PONG\TCPSERVER\DEBUG\TCPSERVER.EXE.EMBED.MANIFEST.RES
C:\USERS\ARRUDA\DOCUMENTS\GITHUB\MULTIPLAYERPONG\PONG\TCPSERVER\DEBUG\TCPSERVER.EXE.INTERMEDIATE.MANIFEST
C:\USERS\ARRUDA\DOCUMENTS\GITHUB\MULTIPLAYERPONG\PONG\TCPSERVER\DEBUG\TCPSERVER.OBJ
C:\Users\arruda\Documents\GitHub\MultiplayerPong\Pong\TcpServer\Debug\TcpServer_manifest.rc
C:\Users\arruda\Documents\GitHub\MultiplayerPong\Pong\TcpServer\Debug\vc100.idb
C:\USERS\ARRUDA\DOCUMENTS\GITHUB\MULTIPLAYERPONG\PONG\TCPSERVER\DEBUG\VC100.PDB
C:\USERS\ARRUDA\DOCUMENTS\GITHUB\MULTIPLAYERPONG\PONG\TCPSERVER\DEBUG\VECTOR2D.OBJ
