Build started 27/05/2012 23:05:54.
     1>Project "C:\Users\arruda\Documents\GitHub\MultiplayerPong\Pong\Pong\Pong.vcxproj" on node 2 (build target(s)).
     1>PrepareForBuild:
         Creating directory "C:\Users\arruda\Documents\GitHub\MultiplayerPong\Pong\Release\".
       InitializeBuildStatus:
         Creating "Release\Pong.unsuccessfulbuild" because "AlwaysCreate" was specified.
       ClCompile:
         C:\Program Files (x86)\Microsoft Visual Studio 10.0\VC\bin\CL.exe /c /Zi /nologo /W3 /WX- /O2 /Oi /Oy- /GL /D WIN32 /D NDEBUG /D _CONSOLE /D _UNICODE /D UNICODE /Gm- /EHsc /MD /GS /Gy /fp:precise /Zc:wchar_t /Zc:forScope /Fo"Release\\" /Fd"Release\vc100.pdb" /Gd /TP /analyze- /errorReport:prompt ball.cpp ClientTcp.cpp GameState.cpp main.cpp MathUtil.cpp paddle.cpp Vector2D.cpp
         ball.cpp
     1>ball.cpp(42): warning C4244: 'argument' : conversion from 'int' to 'float', possible loss of data
         ClientTcp.cpp
     1>ClientTcp.cpp(11): warning C4244: 'argument' : conversion from 'double' to 'WORD', possible loss of data
     1>ClientTcp.cpp(95): warning C4996: 'strtok': This function or variable may be unsafe. Consider using strtok_s instead. To disable deprecation, use _CRT_SECURE_NO_WARNINGS. See online help for details.
                 C:\Program Files (x86)\Microsoft Visual Studio 10.0\VC\include\string.h(197) : see declaration of 'strtok'
     1>ClientTcp.cpp(99): warning C4996: 'strcpy': This function or variable may be unsafe. Consider using strcpy_s instead. To disable deprecation, use _CRT_SECURE_NO_WARNINGS. See online help for details.
                 C:\Program Files (x86)\Microsoft Visual Studio 10.0\VC\include\string.h(105) : see declaration of 'strcpy'
     1>ClientTcp.cpp(100): warning C4996: 'strtok': This function or variable may be unsafe. Consider using strtok_s instead. To disable deprecation, use _CRT_SECURE_NO_WARNINGS. See online help for details.
                 C:\Program Files (x86)\Microsoft Visual Studio 10.0\VC\include\string.h(197) : see declaration of 'strtok'
     1>ClientTcp.cpp(110): warning C4244: 'return' : conversion from 'int' to 'float', possible loss of data
         GameState.cpp
     1>GameState.cpp(19): warning C4244: '=' : conversion from 'int' to 'float', possible loss of data
     1>GameState.cpp(20): warning C4244: '=' : conversion from 'int' to 'float', possible loss of data
     1>GameState.cpp(21): warning C4244: '=' : conversion from 'int' to 'float', possible loss of data
     1>GameState.cpp(22): warning C4244: '=' : conversion from 'int' to 'float', possible loss of data
     1>GameState.cpp(23): warning C4244: '=' : conversion from 'int' to 'float', possible loss of data
     1>GameState.cpp(24): warning C4244: '=' : conversion from 'int' to 'float', possible loss of data
     1>GameState.cpp(36): warning C4996: 'strtok': This function or variable may be unsafe. Consider using strtok_s instead. To disable deprecation, use _CRT_SECURE_NO_WARNINGS. See online help for details.
                 C:\Program Files (x86)\Microsoft Visual Studio 10.0\VC\include\string.h(197) : see declaration of 'strtok'
     1>GameState.cpp(40): warning C4996: 'strcpy': This function or variable may be unsafe. Consider using strcpy_s instead. To disable deprecation, use _CRT_SECURE_NO_WARNINGS. See online help for details.
                 C:\Program Files (x86)\Microsoft Visual Studio 10.0\VC\include\string.h(105) : see declaration of 'strcpy'
     1>GameState.cpp(41): warning C4996: 'strtok': This function or variable may be unsafe. Consider using strtok_s instead. To disable deprecation, use _CRT_SECURE_NO_WARNINGS. See online help for details.
                 C:\Program Files (x86)\Microsoft Visual Studio 10.0\VC\include\string.h(197) : see declaration of 'strtok'
         main.cpp
     1>main.cpp(100): warning C4244: '=' : conversion from 'Uint32' to 'float', possible loss of data
     1>main.cpp(159): warning C4996: 'sprintf': This function or variable may be unsafe. Consider using sprintf_s instead. To disable deprecation, use _CRT_SECURE_NO_WARNINGS. See online help for details.
                 C:\Program Files (x86)\Microsoft Visual Studio 10.0\VC\include\stdio.h(371) : see declaration of 'sprintf'
     1>main.cpp(163): warning C4996: 'sprintf': This function or variable may be unsafe. Consider using sprintf_s instead. To disable deprecation, use _CRT_SECURE_NO_WARNINGS. See online help for details.
                 C:\Program Files (x86)\Microsoft Visual Studio 10.0\VC\include\stdio.h(371) : see declaration of 'sprintf'
     1>main.cpp(168): warning C4244: 'argument' : conversion from 'float' to 'int', possible loss of data
     1>main.cpp(168): warning C4244: 'argument' : conversion from 'float' to 'int', possible loss of data
     1>main.cpp(169): warning C4244: 'argument' : conversion from 'float' to 'int', possible loss of data
     1>main.cpp(169): warning C4244: 'argument' : conversion from 'float' to 'int', possible loss of data
     1>main.cpp(170): warning C4244: 'argument' : conversion from 'float' to 'int', possible loss of data
     1>main.cpp(170): warning C4244: 'argument' : conversion from 'float' to 'int', possible loss of data
     1>main.cpp(190): warning C4244: 'argument' : conversion from 'const float' to 'Uint32', possible loss of data
         MathUtil.cpp
         paddle.cpp
     1>paddle.cpp(24): warning C4244: 'argument' : conversion from 'int' to 'float', possible loss of data
     1>paddle.cpp(30): warning C4244: 'argument' : conversion from 'int' to 'float', possible loss of data
         Vector2D.cpp
       Link:
         C:\Program Files (x86)\Microsoft Visual Studio 10.0\VC\bin\link.exe /ERRORREPORT:PROMPT /OUT:"C:\Users\arruda\Documents\GitHub\MultiplayerPong\Pong\Release\Pong.exe" /INCREMENTAL:NO /NOLOGO SDL.lib SDLmain.lib SDL_image.lib SDL_TTF.lib Ws2_32.lib /MANIFEST /ManifestFile:"Release\Pong.exe.intermediate.manifest" /MANIFESTUAC:"level='asInvoker' uiAccess='false'" /DEBUG /PDB:"C:\Users\arruda\Documents\GitHub\MultiplayerPong\Pong\Release\Pong.pdb" /SUBSYSTEM:CONSOLE /OPT:REF /OPT:ICF /LTCG /TLBID:1 /DYNAMICBASE /NXCOMPAT /IMPLIB:"C:\Users\arruda\Documents\GitHub\MultiplayerPong\Pong\Release\Pong.lib" /MACHINE:X86 Release\ball.obj
         Release\ClientTcp.obj
         Release\GameState.obj
         Release\main.obj
         Release\MathUtil.obj
         Release\paddle.obj
         Release\Vector2D.obj
         Generating code
         Finished generating code
         Pong.vcxproj -> C:\Users\arruda\Documents\GitHub\MultiplayerPong\Pong\Release\Pong.exe
       Manifest:
         C:\Program Files (x86)\Microsoft SDKs\Windows\v7.0A\bin\mt.exe /nologo /verbose /outputresource:"C:\Users\arruda\Documents\GitHub\MultiplayerPong\Pong\Release\Pong.exe;#1" /manifest Release\Pong.exe.intermediate.manifest
       FinalizeBuildStatus:
         Deleting file "Release\Pong.unsuccessfulbuild".
         Touching "Release\Pong.lastbuildstate".
     1>Done Building Project "C:\Users\arruda\Documents\GitHub\MultiplayerPong\Pong\Pong\Pong.vcxproj" (build target(s)).

Build succeeded.

Time Elapsed 00:00:03.49
